Arguments: 
  /Users/codeblooded/.nvm/versions/node/v16.19.1/bin/node /usr/local/bin/yarn

PATH: 
  /Users/codeblooded/.nvm/versions/node/v16.19.1/bin:/Users/codeblooded/.nvm/versions/node/v12.22.12/bin:/Users/codeblooded/.volta/bin:/Library/Frameworks/Python.framework/Versions/3.9/bin:/opt/homebrew/bin:/opt/homebrew/sbin:/usr/local/bin:/usr/bin:/bin:/usr/sbin:/sbin:/Users/codeblooded/.nvm/versions/node/v12.22.12/bin:/Users/codeblooded/.volta/bin:/Library/Frameworks/Python.framework/Versions/3.9/bin:/opt/homebrew/bin:/opt/homebrew/sbin

Yarn version: 
  1.22.17

Node version: 
  16.19.1

Platform: 
  darwin arm64

Trace: 
  Error: getaddrinfo ENOTFOUND registry.yarnpkg.com
      at GetAddrInfoReqWrap.onlookup [as oncomplete] (node:dns:109:26)

npm manifest: 
  {
    "name": "montech-test",
    "version": "1.0.0",
    "description": "",
    "main": "index.js",
    "scripts": {
      "test": "echo \"Error: no test specified\" && exit 1"
    },
    "dependencies": {
      "@hapi/joi": "^17.1.1",
      "bcryptjs": "^2.4.3",
      "body-parser": "^1.19.0",
      "cloudinary": "^1.33.0",
      "cors": "^2.8.5",
      "dotenv": "^8.2.0",
      "express": "^4.17.1",
      "jsonwebtoken": "^9.0.0",
      "moment": "^2.29.4",
      "mongoose": "^5.8.9",
      "nodemon": "^2.0.2",
      "passport": "^0.4.1",
      "slugify": "^1.6.5"
    },
    "author": "",
    "license": "ISC"
  }

yarn manifest: 
  No manifest

Lockfile: 
  No lockfile
